<?xml version="1.0" encoding="UTF-8"?>
<testng-results ignored="0" total="1" passed="1" failed="0" skipped="0">
  <reporter-output>
  </reporter-output>
  <suite started-at="2021-01-10T07:19:02 PST" name="Surefire suite" finished-at="2021-01-10T07:19:02 PST" duration-ms="136">
    <groups>
    </groups>
    <test started-at="2021-01-10T07:19:02 PST" name="Surefire test" finished-at="2021-01-10T07:19:02 PST" duration-ms="136">
      <class name="org.commerce.AppTest">
        <test-method signature="shouldAnswerWithTrue()" started-at="2021-01-10T07:19:02 PST" name="shouldAnswerWithTrue" finished-at="2021-01-10T07:19:02 PST" duration-ms="49" status="PASS">
          <reporter-output>
          </reporter-output>
        </test-method> <!-- shouldAnswerWithTrue -->
      </class> <!-- org.commerce.AppTest -->
    </test> <!-- Surefire test -->
  </suite> <!-- Surefire suite -->
</testng-results>
